# JRE version: OpenJDK Runtime Environment Corretto-11.0.18.10.1 (11.0.18+10) (build 11.0.18+10-LTS)
# Java VM: OpenJDK 64-Bit Server VM Corretto-11.0.18.10.1 (11.0.18+10-LTS, mixed mode, tiered, compressed oops, g1 gc, windows-amd64)
Heap:
 garbage-first heap   total 98304K, used 10865K [0x00000000a1200000, 0x0000000100000000)
  region size 1024K, 4 young (4096K), 4 survivors (4096K)
 Metaspace       used 22987K, capacity 23828K, committed 23936K, reserved 1071104K
  class space    used 2598K, capacity 2920K, committed 2944K, reserved 1048576K
GC Heap History (10 events):
Event: 1.242 GC heap before
{Heap before GC invocations=0 (full 0):
 garbage-first heap   total 98304K, used 7168K [0x00000000a1200000, 0x0000000100000000)
  region size 1024K, 7 young (7168K), 0 survivors (0K)
 Metaspace       used 8068K, capacity 8258K, committed 8448K, reserved 1056768K
  class space    used 695K, capacity 710K, committed 768K, reserved 1048576K
}
Event: 1.282 GC heap after
{Heap after GC invocations=1 (full 0):
 garbage-first heap   total 98304K, used 5474K [0x00000000a1200000, 0x0000000100000000)
  region size 1024K, 1 young (1024K), 1 survivors (1024K)
 Metaspace       used 8068K, capacity 8258K, committed 8448K, reserved 1056768K
  class space    used 695K, capacity 710K, committed 768K, reserved 1048576K
}
Event: 2.001 GC heap before
{Heap before GC invocations=1 (full 0):
 garbage-first heap   total 98304K, used 7522K [0x00000000a1200000, 0x0000000100000000)
  region size 1024K, 4 young (4096K), 1 survivors (1024K)
 Metaspace       used 9142K, capacity 9337K, committed 9600K, reserved 1058816K
  class space    used 795K, capacity 858K, committed 896K, reserved 1048576K
}
Event: 2.004 GC heap after
{Heap after GC invocations=2 (full 0):
 garbage-first heap   total 98304K, used 6537K [0x00000000a1200000, 0x0000000100000000)
  region size 1024K, 1 young (1024K), 1 survivors (1024K)
 Metaspace       used 9142K, capacity 9337K, committed 9600K, reserved 1058816K
  class space    used 795K, capacity 858K, committed 896K, reserved 1048576K
}
Event: 3.437 GC heap before
{Heap before GC invocations=2 (full 0):
 garbage-first heap   total 98304K, used 13705K [0x00000000a1200000, 0x0000000100000000)
  region size 1024K, 9 young (9216K), 1 survivors (1024K)
 Metaspace       used 11163K, capacity 11458K, committed 11648K, reserved 1060864K
  class space    used 1018K, capacity 1095K, committed 1152K, reserved 1048576K
}
Event: 3.441 GC heap after
{Heap after GC invocations=3 (full 0):
 garbage-first heap   total 98304K, used 7956K [0x00000000a1200000, 0x0000000100000000)
  region size 1024K, 2 young (2048K), 2 survivors (2048K)
 Metaspace       used 11163K, capacity 11458K, committed 11648K, reserved 1060864K
  class space    used 1018K, capacity 1095K, committed 1152K, reserved 1048576K
}
Event: 5.639 GC heap before
{Heap before GC invocations=3 (full 0):
 garbage-first heap   total 98304K, used 53012K [0x00000000a1200000, 0x0000000100000000)
  region size 1024K, 46 young (47104K), 2 survivors (2048K)
 Metaspace       used 17656K, capacity 18269K, committed 18560K, reserved 1064960K
  class space    used 1858K, capacity 2081K, committed 2176K, reserved 1048576K
}
Event: 5.646 GC heap after
{Heap after GC invocations=4 (full 0):
 garbage-first heap   total 98304K, used 9229K [0x00000000a1200000, 0x0000000100000000)
  region size 1024K, 4 young (4096K), 4 survivors (4096K)
 Metaspace       used 17656K, capacity 18269K, committed 18560K, reserved 1064960K
  class space    used 1858K, capacity 2081K, committed 2176K, reserved 1048576K
}
Event: 6.415 GC heap before
{Heap before GC invocations=4 (full 0):
 garbage-first heap   total 98304K, used 24589K [0x00000000a1200000, 0x0000000100000000)
  region size 1024K, 20 young (20480K), 4 survivors (4096K)
 Metaspace       used 20489K, capacity 21144K, committed 21248K, reserved 1069056K
  class space    used 2215K, capacity 2470K, committed 2560K, reserved 1048576K
}
Event: 6.430 GC heap after
{Heap after GC invocations=5 (full 0):
 garbage-first heap   total 98304K, used 10165K [0x00000000a1200000, 0x0000000100000000)
  region size 1024K, 5 young (5120K), 5 survivors (5120K)
 Metaspace       used 20489K, capacity 21144K, committed 21248K, reserved 1069056K
  class space    used 2215K, capacity 2470K, committed 2560K, reserved 1048576K
}

