# JRE version: OpenJDK Runtime Environment Corretto-11.0.18.10.1 (11.0.18+10) (build 11.0.18+10-LTS)
# Java VM: OpenJDK 64-Bit Server VM Corretto-11.0.18.10.1 (11.0.18+10-LTS, mixed mode, tiered, compressed oops, g1 gc, windows-amd64)
Heap:
 garbage-first heap   total 123904K, used 12248K [0x00000000a1200000, 0x0000000100000000)
  region size 1024K, 4 young (4096K), 4 survivors (4096K)
 Metaspace       used 30091K, capacity 31026K, committed 31104K, reserved 1077248K
  class space    used 3525K, capacity 3890K, committed 3968K, reserved 1048576K
GC Heap History (15 events):
Event: 2.322 GC heap before
{Heap before GC invocations=0 (full 0):
 garbage-first heap   total 98304K, used 7168K [0x00000000a1200000, 0x0000000100000000)
  region size 1024K, 7 young (7168K), 0 survivors (0K)
 Metaspace       used 7957K, capacity 8146K, committed 8448K, reserved 1056768K
  class space    used 695K, capacity 710K, committed 768K, reserved 1048576K
}
Event: 2.383 GC heap after
{Heap after GC invocations=1 (full 0):
 garbage-first heap   total 98304K, used 5471K [0x00000000a1200000, 0x0000000100000000)
  region size 1024K, 1 young (1024K), 1 survivors (1024K)
 Metaspace       used 7957K, capacity 8146K, committed 8448K, reserved 1056768K
  class space    used 695K, capacity 710K, committed 768K, reserved 1048576K
}
Event: 2.635 GC heap before
{Heap before GC invocations=1 (full 0):
 garbage-first heap   total 98304K, used 8543K [0x00000000a1200000, 0x0000000100000000)
  region size 1024K, 5 young (5120K), 1 survivors (1024K)
 Metaspace       used 9352K, capacity 9556K, committed 9728K, reserved 1058816K
  class space    used 844K, capacity 906K, committed 1024K, reserved 1048576K
}
Event: 2.667 GC heap after
{Heap after GC invocations=2 (full 0):
 garbage-first heap   total 98304K, used 6708K [0x00000000a1200000, 0x0000000100000000)
  region size 1024K, 1 young (1024K), 1 survivors (1024K)
 Metaspace       used 9352K, capacity 9556K, committed 9728K, reserved 1058816K
  class space    used 844K, capacity 906K, committed 1024K, reserved 1048576K
}
Event: 3.439 GC heap before
{Heap before GC invocations=2 (full 0):
 garbage-first heap   total 98304K, used 15924K [0x00000000a1200000, 0x0000000100000000)
  region size 1024K, 10 young (10240K), 1 survivors (1024K)
 Metaspace       used 11573K, capacity 11824K, committed 11904K, reserved 1060864K
  class space    used 1067K, capacity 1151K, committed 1152K, reserved 1048576K
}
Event: 3.442 GC heap after
{Heap after GC invocations=3 (full 0):
 garbage-first heap   total 98304K, used 8096K [0x00000000a1200000, 0x0000000100000000)
  region size 1024K, 2 young (2048K), 2 survivors (2048K)
 Metaspace       used 11573K, capacity 11824K, committed 11904K, reserved 1060864K
  class space    used 1067K, capacity 1151K, committed 1152K, reserved 1048576K
}
Event: 4.159 GC heap before
{Heap before GC invocations=3 (full 0):
 garbage-first heap   total 98304K, used 21408K [0x00000000a1200000, 0x0000000100000000)
  region size 1024K, 15 young (15360K), 2 survivors (2048K)
 Metaspace       used 13303K, capacity 13780K, committed 13824K, reserved 1060864K
  class space    used 1326K, capacity 1514K, committed 1536K, reserved 1048576K
}
Event: 4.163 GC heap after
{Heap after GC invocations=4 (full 0):
 garbage-first heap   total 98304K, used 8424K [0x00000000a1200000, 0x0000000100000000)
  region size 1024K, 2 young (2048K), 2 survivors (2048K)
 Metaspace       used 13303K, capacity 13780K, committed 13824K, reserved 1060864K
  class space    used 1326K, capacity 1514K, committed 1536K, reserved 1048576K
}
Event: 5.108 GC heap before
{Heap before GC invocations=4 (full 0):
 garbage-first heap   total 98304K, used 29928K [0x00000000a1200000, 0x0000000100000000)
  region size 1024K, 23 young (23552K), 2 survivors (2048K)
 Metaspace       used 16490K, capacity 17058K, committed 17280K, reserved 1064960K
  class space    used 1710K, capacity 1908K, committed 1920K, reserved 1048576K
}
Event: 5.114 GC heap after
{Heap after GC invocations=5 (full 0):
 garbage-first heap   total 98304K, used 9064K [0x00000000a1200000, 0x0000000100000000)
  region size 1024K, 2 young (2048K), 2 survivors (2048K)
 Metaspace       used 16490K, capacity 17058K, committed 17280K, reserved 1064960K
  class space    used 1710K, capacity 1908K, committed 1920K, reserved 1048576K
}
Event: 5.940 GC heap before
{Heap before GC invocations=5 (full 0):
 garbage-first heap   total 98304K, used 32616K [0x00000000a1200000, 0x0000000100000000)
  region size 1024K, 26 young (26624K), 2 survivors (2048K)
 Metaspace       used 20460K, capacity 21141K, committed 21248K, reserved 1069056K
  class space    used 2201K, capacity 2465K, committed 2560K, reserved 1048576K
}
Event: 5.955 GC heap after
{Heap after GC invocations=6 (full 0):
 garbage-first heap   total 98304K, used 10070K [0x00000000a1200000, 0x0000000100000000)
  region size 1024K, 3 young (3072K), 3 survivors (3072K)
 Metaspace       used 20460K, capacity 21141K, committed 21248K, reserved 1069056K
  class space    used 2201K, capacity 2465K, committed 2560K, reserved 1048576K
}
Event: 6.948 GC heap before
{Heap before GC invocations=7 (full 0):
 garbage-first heap   total 98304K, used 45910K [0x00000000a1200000, 0x0000000100000000)
  region size 1024K, 39 young (39936K), 3 survivors (3072K)
 Metaspace       used 24782K, capacity 25647K, committed 25728K, reserved 1071104K
  class space    used 2847K, capacity 3179K, committed 3200K, reserved 1048576K
}
Event: 6.959 GC heap after
{Heap after GC invocations=8 (full 0):
 garbage-first heap   total 98304K, used 11220K [0x00000000a1200000, 0x0000000100000000)
  region size 1024K, 4 young (4096K), 4 survivors (4096K)
 Metaspace       used 24782K, capacity 25647K, committed 25728K, reserved 1071104K
  class space    used 2847K, capacity 3179K, committed 3200K, reserved 1048576K
}
Event: 7.863 GC heap before
{Heap before GC invocations=8 (full 0):
 garbage-first heap   total 98304K, used 54228K [0x00000000a1200000, 0x0000000100000000)
  region size 1024K, 47 young (48128K), 4 survivors (4096K)
 Metaspace       used 30091K, capacity 31026K, committed 31104K, reserved 1077248K
  class space    used 3525K, capacity 3890K, committed 3968K, reserved 1048576K
}

